<?xml version="1.0" encoding="UTF-8"?>
<testng-results skipped="0" failed="0" ignored="0" total="3" passed="3">
  <reporter-output>
  </reporter-output>
  <suite name="Suite" duration-ms="18596" started-at="2022-05-25T12:12:12 IST" finished-at="2022-05-25T12:12:30 IST">
    <groups>
    </groups>
    <test name="Test" duration-ms="18596" started-at="2022-05-25T12:12:12 IST" finished-at="2022-05-25T12:12:30 IST">
      <class name="com.sdet.TC_login">
        <test-method status="PASS" signature="login_Test()[pri:0, instance:com.sdet.TC_login@1579e0f]" name="login_Test" duration-ms="18544" started-at="2022-05-25T12:12:12 IST" finished-at="2022-05-25T12:12:30 IST">
          <reporter-output>
          </reporter-output>
        </test-method> <!-- login_Test -->
      </class> <!-- com.sdet.TC_login -->
      <class name="com.sdet.AppTest">
        <test-method status="PASS" signature="testlogin1()[pri:0, instance:com.sdet.AppTest@4a52ec]" name="testlogin1" duration-ms="8" started-at="2022-05-25T12:12:30 IST" finished-at="2022-05-25T12:12:30 IST">
          <reporter-output>
          </reporter-output>
        </test-method> <!-- testlogin1 -->
        <test-method status="PASS" signature="testlogin2()[pri:0, instance:com.sdet.AppTest@4a52ec]" name="testlogin2" duration-ms="0" started-at="2022-05-25T12:12:30 IST" finished-at="2022-05-25T12:12:30 IST">
          <reporter-output>
          </reporter-output>
        </test-method> <!-- testlogin2 -->
      </class> <!-- com.sdet.AppTest -->
    </test> <!-- Test -->
  </suite> <!-- Suite -->
</testng-results>
