<?xml version="1.0" encoding="UTF-8"?>
<testng-results ignored="0" total="1" passed="1" failed="0" skipped="0">
  <reporter-output>
  </reporter-output>
  <suite started-at="2022-05-25T11:49:24 IST" name="Default suite" finished-at="2022-05-25T11:49:34 IST" duration-ms="9940">
    <groups>
    </groups>
    <test started-at="2022-05-25T11:49:24 IST" name="Default test" finished-at="2022-05-25T11:49:34 IST" duration-ms="9940">
      <class name="com.sdet.TC_login">
        <test-method signature="login_Test()[pri:0, instance:com.sdet.TC_login@243c4f91]" started-at="2022-05-25T11:49:24 IST" name="login_Test" finished-at="2022-05-25T11:49:34 IST" duration-ms="9894" status="PASS">
          <reporter-output>
          </reporter-output>
        </test-method> <!-- login_Test -->
      </class> <!-- com.sdet.TC_login -->
    </test> <!-- Default test -->
  </suite> <!-- Default suite -->
</testng-results>
